# JRE version: Java(TM) SE Runtime Environment (8.0_221-b11) (build 1.8.0_221-b11)
# Java VM: Java HotSpot(TM) 64-Bit Server VM (25.221-b11 mixed mode linux-amd64 compressed oops)
Heap:
 PSYoungGen      total 574464K, used 96K [0x00000000d6b80000, 0x00000000ff600000, 0x0000000100000000)
  eden space 527360K, 0% used [0x00000000d6b80000,0x00000000d6b80000,0x00000000f6e80000)
  from space 47104K, 0% used [0x00000000f9d00000,0x00000000f9d18000,0x00000000fcb00000)
  to   space 47616K, 0% used [0x00000000f6e80000,0x00000000f6e80000,0x00000000f9d00000)
 ParOldGen       total 178176K, used 165978K [0x0000000084200000, 0x000000008f000000, 0x00000000d6b80000)
  object space 178176K, 93% used [0x0000000084200000,0x000000008e416a90,0x000000008f000000)
 Metaspace       used 46492K, capacity 47716K, committed 47912K, reserved 1091584K
  class space    used 5395K, capacity 5616K, committed 5672K, reserved 1048576K
GC Heap History (10 events):
Event: 40,792 GC heap after
Heap after GC invocations=15 (full 3):
 PSYoungGen      total 374784K, used 3618K [0x00000000d6b80000, 0x00000000efd00000, 0x0000000100000000)
  eden space 351744K, 0% used [0x00000000d6b80000,0x00000000d6b80000,0x00000000ec300000)
  from space 23040K, 15% used [0x00000000ee680000,0x00000000eea08bc0,0x00000000efd00000)
  to   space 29696K, 0% used [0x00000000ec300000,0x00000000ec300000,0x00000000ee000000)
 ParOldGen       total 178176K, used 87575K [0x0000000084200000, 0x000000008f000000, 0x00000000d6b80000)
  object space 178176K, 49% used [0x0000000084200000,0x0000000089785e28,0x000000008f000000)
 Metaspace       used 44703K, capacity 45814K, committed 45992K, reserved 1089536K
  class space    used 5294K, capacity 5543K, committed 5544K, reserved 1048576K
}
Event: 52,299 GC heap before
{Heap before GC invocations=16 (full 3):
 PSYoungGen      total 374784K, used 355362K [0x00000000d6b80000, 0x00000000efd00000, 0x0000000100000000)
  eden space 351744K, 100% used [0x00000000d6b80000,0x00000000ec300000,0x00000000ec300000)
  from space 23040K, 15% used [0x00000000ee680000,0x00000000eea08bc0,0x00000000efd00000)
  to   space 29696K, 0% used [0x00000000ec300000,0x00000000ec300000,0x00000000ee000000)
 ParOldGen       total 178176K, used 87575K [0x0000000084200000, 0x000000008f000000, 0x00000000d6b80000)
  object space 178176K, 49% used [0x0000000084200000,0x0000000089785e28,0x000000008f000000)
 Metaspace       used 45303K, capacity 46484K, committed 46888K, reserved 1091584K
  class space    used 5306K, capacity 5548K, committed 5672K, reserved 1048576K
Event: 52,346 GC heap after
Heap after GC invocations=16 (full 3):
 PSYoungGen      total 381440K, used 29694K [0x00000000d6b80000, 0x00000000f5d00000, 0x0000000100000000)
  eden space 351744K, 0% used [0x00000000d6b80000,0x00000000d6b80000,0x00000000ec300000)
  from space 29696K, 99% used [0x00000000ec300000,0x00000000edfffb10,0x00000000ee000000)
  to   space 34816K, 0% used [0x00000000f3b00000,0x00000000f3b00000,0x00000000f5d00000)
 ParOldGen       total 178176K, used 88175K [0x0000000084200000, 0x000000008f000000, 0x00000000d6b80000)
  object space 178176K, 49% used [0x0000000084200000,0x000000008981be28,0x000000008f000000)
 Metaspace       used 45303K, capacity 46484K, committed 46888K, reserved 1091584K
  class space    used 5306K, capacity 5548K, committed 5672K, reserved 1048576K
}
Event: 64,211 GC heap before
{Heap before GC invocations=17 (full 3):
 PSYoungGen      total 381440K, used 381438K [0x00000000d6b80000, 0x00000000f5d00000, 0x0000000100000000)
  eden space 351744K, 100% used [0x00000000d6b80000,0x00000000ec300000,0x00000000ec300000)
  from space 29696K, 99% used [0x00000000ec300000,0x00000000edfffb10,0x00000000ee000000)
  to   space 34816K, 0% used [0x00000000f3b00000,0x00000000f3b00000,0x00000000f5d00000)
 ParOldGen       total 178176K, used 88175K [0x0000000084200000, 0x000000008f000000, 0x00000000d6b80000)
  object space 178176K, 49% used [0x0000000084200000,0x000000008981be28,0x000000008f000000)
 Metaspace       used 45708K, capacity 46820K, committed 47144K, reserved 1091584K
  class space    used 5314K, capacity 5550K, committed 5672K, reserved 1048576K
Event: 64,269 GC heap after
Heap after GC invocations=17 (full 3):
 PSYoungGen      total 464384K, used 27086K [0x00000000d6b80000, 0x00000000f5a80000, 0x0000000100000000)
  eden space 432128K, 0% used [0x00000000d6b80000,0x00000000d6b80000,0x00000000f1180000)
  from space 32256K, 83% used [0x00000000f3b00000,0x00000000f55738e0,0x00000000f5a80000)
  to   space 37376K, 0% used [0x00000000f1180000,0x00000000f1180000,0x00000000f3600000)
 ParOldGen       total 178176K, used 117301K [0x0000000084200000, 0x000000008f000000, 0x00000000d6b80000)
  object space 178176K, 65% used [0x0000000084200000,0x000000008b48d608,0x000000008f000000)
 Metaspace       used 45708K, capacity 46820K, committed 47144K, reserved 1091584K
  class space    used 5314K, capacity 5550K, committed 5672K, reserved 1048576K
}
Event: 72,912 GC heap before
{Heap before GC invocations=18 (full 3):
 PSYoungGen      total 464384K, used 459214K [0x00000000d6b80000, 0x00000000f5a80000, 0x0000000100000000)
  eden space 432128K, 100% used [0x00000000d6b80000,0x00000000f1180000,0x00000000f1180000)
  from space 32256K, 83% used [0x00000000f3b00000,0x00000000f55738e0,0x00000000f5a80000)
  to   space 37376K, 0% used [0x00000000f1180000,0x00000000f1180000,0x00000000f3600000)
 ParOldGen       total 178176K, used 117301K [0x0000000084200000, 0x000000008f000000, 0x00000000d6b80000)
  object space 178176K, 65% used [0x0000000084200000,0x000000008b48d608,0x000000008f000000)
 Metaspace       used 46491K, capacity 47716K, committed 47912K, reserved 1091584K
  class space    used 5395K, capacity 5616K, committed 5672K, reserved 1048576K
Event: 72,982 GC heap after
Heap after GC invocations=18 (full 3):
 PSYoungGen      total 469504K, used 37344K [0x00000000d6b80000, 0x00000000fcb00000, 0x0000000100000000)
  eden space 432128K, 0% used [0x00000000d6b80000,0x00000000d6b80000,0x00000000f1180000)
  from space 37376K, 99% used [0x00000000f1180000,0x00000000f35f82b0,0x00000000f3600000)
  to   space 47104K, 0% used [0x00000000f9d00000,0x00000000f9d00000,0x00000000fcb00000)
 ParOldGen       total 178176K, used 128310K [0x0000000084200000, 0x000000008f000000, 0x00000000d6b80000)
  object space 178176K, 72% used [0x0000000084200000,0x000000008bf4d930,0x000000008f000000)
 Metaspace       used 46491K, capacity 47716K, committed 47912K, reserved 1091584K
  class space    used 5395K, capacity 5616K, committed 5672K, reserved 1048576K
}
Event: 73,685 GC heap before
{Heap before GC invocations=19 (full 3):
 PSYoungGen      total 469504K, used 469472K [0x00000000d6b80000, 0x00000000fcb00000, 0x0000000100000000)
  eden space 432128K, 100% used [0x00000000d6b80000,0x00000000f1180000,0x00000000f1180000)
  from space 37376K, 99% used [0x00000000f1180000,0x00000000f35f82b0,0x00000000f3600000)
  to   space 47104K, 0% used [0x00000000f9d00000,0x00000000f9d00000,0x00000000fcb00000)
 ParOldGen       total 178176K, used 128310K [0x0000000084200000, 0x000000008f000000, 0x00000000d6b80000)
  object space 178176K, 72% used [0x0000000084200000,0x000000008bf4d930,0x000000008f000000)
 Metaspace       used 46492K, capacity 47716K, committed 47912K, reserved 1091584K
  class space    used 5395K, capacity 5616K, committed 5672K, reserved 1048576K
Event: 73,718 GC heap after
Heap after GC invocations=19 (full 3):
 PSYoungGen      total 574464K, used 96K [0x00000000d6b80000, 0x00000000ff600000, 0x0000000100000000)
  eden space 527360K, 0% used [0x00000000d6b80000,0x00000000d6b80000,0x00000000f6e80000)
  from space 47104K, 0% used [0x00000000f9d00000,0x00000000f9d18000,0x00000000fcb00000)
  to   space 47616K, 0% used [0x00000000f6e80000,0x00000000f6e80000,0x00000000f9d00000)
 ParOldGen       total 178176K, used 165978K [0x0000000084200000, 0x000000008f000000, 0x00000000d6b80000)
  object space 178176K, 93% used [0x0000000084200000,0x000000008e416a90,0x000000008f000000)
 Metaspace       used 46492K, capacity 47716K, committed 47912K, reserved 1091584K
  class space    used 5395K, capacity 5616K, committed 5672K, reserved 1048576K
}
Event: 73,718 GC heap before
{Heap before GC invocations=20 (full 4):
 PSYoungGen      total 574464K, used 96K [0x00000000d6b80000, 0x00000000ff600000, 0x0000000100000000)
  eden space 527360K, 0% used [0x00000000d6b80000,0x00000000d6b80000,0x00000000f6e80000)
  from space 47104K, 0% used [0x00000000f9d00000,0x00000000f9d18000,0x00000000fcb00000)
  to   space 47616K, 0% used [0x00000000f6e80000,0x00000000f6e80000,0x00000000f9d00000)
 ParOldGen       total 178176K, used 165978K [0x0000000084200000, 0x000000008f000000, 0x00000000d6b80000)
  object space 178176K, 93% used [0x0000000084200000,0x000000008e416a90,0x000000008f000000)
 Metaspace       used 46492K, capacity 47716K, committed 47912K, reserved 1091584K
  class space    used 5395K, capacity 5616K, committed 5672K, reserved 1048576K

